<?xml version="1.0" encoding="UTF-8"?>
<!-- Generated by org.testng.reporters.JUnitXMLReporter -->
<testsuite ignored="0" hostname="AL-QAD-PC001" failures="1" tests="4" name="Command line test" time="88.431" errors="0" timestamp="2025-03-04T17:14:59 PST">
  <testcase classname="tests.appStoreTest" name="testAppStoreLink" time="9.059"/>
  <testcase classname="tests.playStoreTest" name="testPlayStoreLink" time="7.027">
    <failure type="java.lang.AssertionError" message="The following asserts failed:
	Exception while accepting cookies: invalid selector: Unable to locate an element with the xpath expression //button[conts(text(), &amp;apos;Accept Necessary&amp;apos;)] because of the following error:
SyntaxError: Failed to execute &amp;apos;evaluate&amp;apos; on &amp;apos;Document&amp;apos;: The string &amp;apos;//button[conts(text(), &amp;apos;Accept Necessary&amp;apos;)]&amp;apos; is not a valid XPath expression.
  (Session info: chrome=133.0.6943.142)
For documentation on this error, please visit: https://www.selenium.dev/documentation/webdriver/troubleshooting/errors#invalid-selector-exception
Build info: version: &amp;apos;4.29.0&amp;apos;, revision: &amp;apos;18ae989&amp;apos;
System info: os.name: &amp;apos;Windows 11&amp;apos;, os.arch: &amp;apos;amd64&amp;apos;, os.version: &amp;apos;10.0&amp;apos;, java.version: &amp;apos;22.0.1&amp;apos;
Driver info: org.openqa.selenium.chrome.ChromeDriver
Command: [14a391644742929b5590008247ca8011, findElement {value=//button[conts(text(), &amp;apos;Accept Necessary&amp;apos;)], using=xpath}]
Capabilities {acceptInsecureCerts: false, browserName: chrome, browserVersion: 133.0.6943.142, chrome: {chromedriverVersion: 133.0.6943.126 (cffa127ce7b..., userDataDir: C:\Users\ARWIN~1.VIE\AppDat...}, fedcm:accounts: true, goog:chromeOptions: {debuggerAddress: localhost:36378}, networkConnectionEnabled: false, pageLoadStrategy: normal, platformName: windows, proxy: Proxy(), se:cdp: ws://localhost:36378/devtoo..., se:cdpVersion: 133.0.6943.142, setWindowRect: true, strictFileInteractability: false, timeouts: {implicit: 0, pageLoad: 300000, script: 30000}, unhandledPromptBehavior: dismiss and notify, webauthn:extension:credBlob: true, webauthn:extension:largeBlob: true, webauthn:extension:minPinLength: true, webauthn:extension:prf: true, webauthn:virtualAuthenticators: true}
Session ID: 14a391644742929b5590008247ca8011">
      <![CDATA[java.lang.AssertionError: The following asserts failed:
Exception while accepting cookies: invalid selector: Unable to locate an element with the xpath expression //button[conts(text(), 'Accept Necessary')] because of the following error:
SyntaxError: Failed to execute 'evaluate' on 'Document': The string '//button[conts(text(), 'Accept Necessary')]' is not a valid XPath expression.
  (Session info: chrome=133.0.6943.142)
For documentation on this error, please visit: https://www.selenium.dev/documentation/webdriver/troubleshooting/errors#invalid-selector-exception
Build info: version: '4.29.0', revision: '18ae989'
System info: os.name: 'Windows 11', os.arch: 'amd64', os.version: '10.0', java.version: '22.0.1'
Driver info: org.openqa.selenium.chrome.ChromeDriver
Command: [14a391644742929b5590008247ca8011, findElement {value=//button[conts(text(), 'Accept Necessary')], using=xpath}]
Capabilities {acceptInsecureCerts: false, browserName: chrome, browserVersion: 133.0.6943.142, chrome: {chromedriverVersion: 133.0.6943.126 (cffa127ce7b..., userDataDir: C:\Users\ARWIN~1.VIE\AppDat...}, fedcm:accounts: true, goog:chromeOptions: {debuggerAddress: localhost:36378}, networkConnectionEnabled: false, pageLoadStrategy: normal, platformName: windows, proxy: Proxy(), se:cdp: ws://localhost:36378/devtoo..., se:cdpVersion: 133.0.6943.142, setWindowRect: true, strictFileInteractability: false, timeouts: {implicit: 0, pageLoad: 300000, script: 30000}, unhandledPromptBehavior: dismiss and notify, webauthn:extension:credBlob: true, webauthn:extension:largeBlob: true, webauthn:extension:minPinLength: true, webauthn:extension:prf: true, webauthn:virtualAuthenticators: true}
Session ID: 14a391644742929b5590008247ca8011
at tests.playStoreTest.testPlayStoreLink(playStoreTest.java:36)
at java.base/java.util.ArrayList.forEach(ArrayList.java:1597)
at tests.testRunner.main(testRunner.java:15)
... Removed 24 stack frames]]>
    </failure>
  </testcase> <!-- testPlayStoreLink -->
  <testcase classname="tests.aboutPage" name="aboutsPageTest" time="51.393"/>
  <testcase classname="tests.joinOurCommunity" name="communitySection" time="16.452"/>
</testsuite> <!-- Command line test -->
